<?xml version="1.0" encoding="UTF-8"?>
<testng-results skipped="0" failed="0" ignored="5" total="6" passed="1">
  <reporter-output>
  </reporter-output>
  <suite name="Suite" duration-ms="18027" started-at="2020-06-30T12:06:19Z" finished-at="2020-06-30T12:06:37Z">
    <groups>
    </groups>
    <test name="Test1" duration-ms="18027" started-at="2020-06-30T12:06:19Z" finished-at="2020-06-30T12:06:37Z">
      <class name="ais.ActionSelenium">
        <test-method status="PASS" signature="testInit()[pri:0, instance:ais.ActionSelenium@69d9c55]" name="testInit" is-config="true" duration-ms="3746" started-at="2020-06-30T20:06:19Z" finished-at="2020-06-30T20:06:23Z">
          <reporter-output>
          </reporter-output>
        </test-method> <!-- testInit -->
        <test-method status="PASS" signature="testLogin(java.lang.String, java.lang.String)[pri:0, instance:ais.ActionSelenium@69d9c55]" name="testLogin" duration-ms="8044" started-at="2020-06-30T20:06:23Z" finished-at="2020-06-30T20:06:31Z">
          <params>
            <param index="0">
              <value>
                <![CDATA[shiscsj]]>
              </value>
            </param>
            <param index="1">
              <value>
                <![CDATA[123]]>
              </value>
            </param>
          </params>
          <reporter-output>
          </reporter-output>
        </test-method> <!-- testLogin -->
        <test-method status="PASS" signature="testClose()[pri:0, instance:ais.ActionSelenium@69d9c55]" name="testClose" is-config="true" duration-ms="4415" started-at="2020-06-30T20:06:32Z" finished-at="2020-06-30T20:06:37Z">
          <reporter-output>
          </reporter-output>
        </test-method> <!-- testClose -->
      </class> <!-- ais.ActionSelenium -->
    </test> <!-- Test1 -->
  </suite> <!-- Suite -->
</testng-results>
