<?xml version="1.0" encoding="UTF-8"?>
<!-- Generated by org.testng.reporters.JUnitXMLReporter -->
<testsuite hostname="LAPTOP-HJJ9G12H" ignored="5" name="Test1" tests="1" failures="0" timestamp="30 六月 2020 12:06:37 GMT" time="18.027" errors="0">
  <testcase name="testLogin" time="8.044" classname="ais.ActionSelenium"/>
  <testcase name="testModifyPlan" time="0.0" classname="ais.ActionSelenium">
    <ignored/>
  </testcase> <!-- testModifyPlan -->
  <testcase name="testTemp" time="0.0" classname="ais.ActionSelenium">
    <ignored/>
  </testcase> <!-- testTemp -->
  <testcase name="testGetLinkText" time="0.0" classname="ais.ActionSelenium">
    <ignored/>
  </testcase> <!-- testGetLinkText -->
  <testcase name="testCeatePlan" time="0.0" classname="ais.ActionSelenium">
    <ignored/>
  </testcase> <!-- testCeatePlan -->
  <testcase name="testLaunchProject" time="0.0" classname="ais.ActionSelenium">
    <ignored/>
  </testcase> <!-- testLaunchProject -->
</testsuite> <!-- Test1 -->
